20200605T002429 I Version : 2.0.8407
20200605T002429 I UTC offset : 9
20200605T002429 I Loading configuration from:C:/Users/Heesu Kim/AppData/Local/Autodesk/webdeploy/production/2d2369abebef7185a0bd58a7adec00788a3017dc/Fusion 360.server.config
20200605T002430 I SLM: device id = 28f965f7-abc0-712d-d9d2-0200fbfd03a4
20200605T002430 I SLM: Initialized
20200605T002431 I fireApplicationActivate: 0
20200605T002431 I fireApplicationActivate: done
20200605T002431 I WorkflowTrackManager Initialized with:0 items
20200605T002431 I Disk capacity: 238,431MB Disk free: 138,185MB Percentage free: 57 UIThread: no Time: 0.00030s
20200605T002431 I PROXY: WindowsProxyOptionId set to Automatic		ThreadID: 25484, Function: `anonymous-namespace'::logProxyOpIfChanged, Line: 912
20200605T002431 W PROXY: failed to query IE proxy configuration - «Å¬∑œΩ√†¬µ¬ø ¬±¬∏¬º¬∫ URL; √£; ¬ºÌπÉÌæ∏¬Ω4œ¥ŸÆ

20200605T002431 I PROXY: proxy server set to DIRECT		ThreadID: 25484, Function: `anonymous-namespace'::logProxyUsedIfChanged, Line: 939
20200605T002432 I Request(https://a360-statusdashboard.s3.amazonaws.com/autodesk_maintenance.json) - workflow:HTTPClient attempt:0 status:200
20200605T002432 I Request(https://ui-dls360.autodesk.com/fusion/maintenace_services.txt) - workflow:HTTPClient attempt:0 status:200
20200605T002433 I LaunchDarkly client initialization process is finished successfully!		ThreadID: 24640, Function: Ns::LDCSDKWrapper::initLDCallback, Line: 321
20200605T002433 I LD CSDK for type Global was initialized with a total time of 0.000002 seconds		ThreadID: 16888, Function: Ns::CSDKLDFeatureFlagsManager::getFlagValue, Line: 135
20200605T002433 I AnalyticItemCounts Initialized with:0 items
20200605T002433 I 	searchAndLoad exec path: C:/Users/Heesu Kim/AppData/Local/Autodesk/webdeploy/production/2d2369abebef7185a0bd58a7adec00788a3017dc/Fusion360.exe
20200605T002433 I Request(https://ui-dls360.autodesk.com/fusion/version.txt) - workflow: attempt:0 status:200
20200605T002438 I Load Feature Toggle Xml:C:/Users/Heesu Kim/AppData/Local/Autodesk/webdeploy/production/2d2369abebef7185a0bd58a7adec00788a3017dc/Fusion/Server/Fusion/Resources/FeatureToggle/FeatureToggle.xml
20200605T002441 I Load Feature Toggle Xml:C:/Users/Heesu Kim/AppData/Local/Autodesk/webdeploy/production/2d2369abebef7185a0bd58a7adec00788a3017dc/FusionDoc/Server/FusionDoc/Resources/FeatureToggle/FeatureToggle.xml
20200605T002444 I C:\Users\Heesu Kim\AppData\Local\Autodesk\webdeploy\production\2d2369abebef7185a0bd58a7adec00788a3017dc\Applications\Simulation\SimCommon10.dll		ThreadID: 17364, Function: DllMain, Line: 22
20200605T002444 I Process attach		ThreadID: 17364, Function: DllMain, Line: 23
20200605T002448 I C:\Users\Heesu Kim\AppData\Local\Autodesk\webdeploy\production\2d2369abebef7185a0bd58a7adec00788a3017dc\Applications\CAM360\SimIdealizations10.dll		ThreadID: 17364, Function: DllMain, Line: 22
20200605T002448 I Process attach		ThreadID: 17364, Function: DllMain, Line: 23
20200605T002502 I Toolbar loader: Stopping...
20200605T002502 I Toolbar loader: Stopped
20200605T002502 I ***startSession: BEGIN
20200605T002502 I the maintenance window is OFF
20200605T002502 I getEntitlement
20200605T002502 I authenticate:begin
20200605T002502 I login start
20200605T002502 I AnalyticItemCounts Terminating with:0 items
20200605T002502 I AnalyticItemCounts Initialized with:0 items
20200605T002502 I WorkflowTrackManager Terminating with:0 items
20200605T002502 I WorkflowTrackManager Initialized with:0 items
20200605T002502 I login end 0
20200605T002502 I Autosave background thread started with saveTime: 5
20200605T002502 I LaunchDarkly client initialization process is not finished successfully!		ThreadID: 16888, Function: Ns::LDCSDKWrapper::initLDCallback, Line: 325
20200605T002502 I Request(https://js.prd.fusionapi.autodesk.com/fusion360-runtime-config/config.json) - workflow:HTTPClient attempt:0 status:200
20200605T002502 I SLM: Enabled (Production)
20200605T002502 I SLM: Start session deviceId=28f965f7-abc0-712d-d9d2-0200fbfd03a4 deviceName=DESKTOP-RU55AT8
20200605T002502 I Workflow start: SLM_startSession 1-5ed9124e-66237dae04e047c481d75e6e
20200605T002503 I LaunchDarkly client initialization process is finished successfully!		ThreadID: 24640, Function: Ns::LDCSDKWrapper::initLDCallback, Line: 321
20200605T002503 I LD CSDK for type Nonhub was initialized with a total time of 0.400891 seconds		ThreadID: 16888, Function: Ns::CSDKLDFeatureFlagsManager::getFlagValue, Line: 135
20200605T002503 I LD CSDK for type Nonhub was initialized with a total time of 0.000003 seconds		ThreadID: 16888, Function: Ns::CSDKLDFeatureFlagsManager::getFlagValue, Line: 135
20200605T002504 I Request(https://f360sc-p-ue1.api.cosv2-p-ue1-dn.autodesk.com/api/v1/sessions) - workflow:SLM_startSession attempt:0 status:200
20200605T002504 I SLM: session = 22204886
